Determining if the pthread_create exist failed with the following output:
Change Dir: /home/demulab/tukuba_ws/src/tukuba9.1/readWayPoints/build/CMakeFiles/CMakeTmp

Run Build Command:/usr/bin/make "cmTryCompileExec2030545465/fast"
make[1]: ディレクトリ `/home/demulab/tukuba_ws/src/tukuba9.1/readWayPoints/build/CMakeFiles/CMakeTmp' に入ります
/usr/bin/make -f CMakeFiles/cmTryCompileExec2030545465.dir/build.make CMakeFiles/cmTryCompileExec2030545465.dir/build
make[2]: ディレクトリ `/home/demulab/tukuba_ws/src/tukuba9.1/readWayPoints/build/CMakeFiles/CMakeTmp' に入ります
/usr/bin/cmake -E cmake_progress_report /home/demulab/tukuba_ws/src/tukuba9.1/readWayPoints/build/CMakeFiles/CMakeTmp/CMakeFiles 1
Building C object CMakeFiles/cmTryCompileExec2030545465.dir/CheckSymbolExists.c.o
/usr/bin/cc    -o CMakeFiles/cmTryCompileExec2030545465.dir/CheckSymbolExists.c.o   -c /home/demulab/tukuba_ws/src/tukuba9.1/readWayPoints/build/CMakeFiles/CMakeTmp/CheckSymbolExists.c
Linking C executable cmTryCompileExec2030545465
/usr/bin/cmake -E cmake_link_script CMakeFiles/cmTryCompileExec2030545465.dir/link.txt --verbose=1
/usr/bin/cc       CMakeFiles/cmTryCompileExec2030545465.dir/CheckSymbolExists.c.o  -o cmTryCompileExec2030545465 -rdynamic 
CMakeFiles/cmTryCompileExec2030545465.dir/CheckSymbolExists.c.o: 関数 `main' 内:
CheckSymbolExists.c:(.text+0x16): `pthread_create' に対する定義されていない参照です
collect2: error: ld returned 1 exit status
make[2]: *** [cmTryCompileExec2030545465] エラー 1
make[2]: ディレクトリ `/home/demulab/tukuba_ws/src/tukuba9.1/readWayPoints/build/CMakeFiles/CMakeTmp' から出ます
make[1]: *** [cmTryCompileExec2030545465/fast] エラー 2
make[1]: ディレクトリ `/home/demulab/tukuba_ws/src/tukuba9.1/readWayPoints/build/CMakeFiles/CMakeTmp' から出ます

File /home/demulab/tukuba_ws/src/tukuba9.1/readWayPoints/build/CMakeFiles/CMakeTmp/CheckSymbolExists.c:
/* */
#include <pthread.h>

int main(int argc, char** argv)
{
  (void)argv;
#ifndef pthread_create
  return ((int*)(&pthread_create))[argc];
#else
  (void)argc;
  return 0;
#endif
}

Determining if the function pthread_create exists in the pthreads failed with the following output:
Change Dir: /home/demulab/tukuba_ws/src/tukuba9.1/readWayPoints/build/CMakeFiles/CMakeTmp

Run Build Command:/usr/bin/make "cmTryCompileExec2581708866/fast"
make[1]: ディレクトリ `/home/demulab/tukuba_ws/src/tukuba9.1/readWayPoints/build/CMakeFiles/CMakeTmp' に入ります
/usr/bin/make -f CMakeFiles/cmTryCompileExec2581708866.dir/build.make CMakeFiles/cmTryCompileExec2581708866.dir/build
make[2]: ディレクトリ `/home/demulab/tukuba_ws/src/tukuba9.1/readWayPoints/build/CMakeFiles/CMakeTmp' に入ります
/usr/bin/cmake -E cmake_progress_report /home/demulab/tukuba_ws/src/tukuba9.1/readWayPoints/build/CMakeFiles/CMakeTmp/CMakeFiles 1
Building C object CMakeFiles/cmTryCompileExec2581708866.dir/CheckFunctionExists.c.o
/usr/bin/cc   -DCHECK_FUNCTION_EXISTS=pthread_create   -o CMakeFiles/cmTryCompileExec2581708866.dir/CheckFunctionExists.c.o   -c /usr/share/cmake-2.8/Modules/CheckFunctionExists.c
Linking C executable cmTryCompileExec2581708866
/usr/bin/cmake -E cmake_link_script CMakeFiles/cmTryCompileExec2581708866.dir/link.txt --verbose=1
/usr/bin/cc   -DCHECK_FUNCTION_EXISTS=pthread_create    CMakeFiles/cmTryCompileExec2581708866.dir/CheckFunctionExists.c.o  -o cmTryCompileExec2581708866 -rdynamic -lpthreads 
/usr/bin/ld: -lpthreads が見つかりません
collect2: error: ld returned 1 exit status
make[2]: *** [cmTryCompileExec2581708866] エラー 1
make[2]: ディレクトリ `/home/demulab/tukuba_ws/src/tukuba9.1/readWayPoints/build/CMakeFiles/CMakeTmp' から出ます
make[1]: *** [cmTryCompileExec2581708866/fast] エラー 2
make[1]: ディレクトリ `/home/demulab/tukuba_ws/src/tukuba9.1/readWayPoints/build/CMakeFiles/CMakeTmp' から出ます


