Determining if the pthread_create exist failed with the following output:
Change Dir: /home/demulab/tukuba_ws/src/tukuba9.1/wp2action_client/build/CMakeFiles/CMakeTmp

Run Build Command:/usr/bin/make "cmTryCompileExec815997458/fast"
make[1]: ディレクトリ `/home/demulab/tukuba_ws/src/tukuba9.1/wp2action_client/build/CMakeFiles/CMakeTmp' に入ります
/usr/bin/make -f CMakeFiles/cmTryCompileExec815997458.dir/build.make CMakeFiles/cmTryCompileExec815997458.dir/build
make[2]: ディレクトリ `/home/demulab/tukuba_ws/src/tukuba9.1/wp2action_client/build/CMakeFiles/CMakeTmp' に入ります
/usr/bin/cmake -E cmake_progress_report /home/demulab/tukuba_ws/src/tukuba9.1/wp2action_client/build/CMakeFiles/CMakeTmp/CMakeFiles 1
Building C object CMakeFiles/cmTryCompileExec815997458.dir/CheckSymbolExists.c.o
/usr/bin/cc    -o CMakeFiles/cmTryCompileExec815997458.dir/CheckSymbolExists.c.o   -c /home/demulab/tukuba_ws/src/tukuba9.1/wp2action_client/build/CMakeFiles/CMakeTmp/CheckSymbolExists.c
Linking C executable cmTryCompileExec815997458
/usr/bin/cmake -E cmake_link_script CMakeFiles/cmTryCompileExec815997458.dir/link.txt --verbose=1
/usr/bin/cc       CMakeFiles/cmTryCompileExec815997458.dir/CheckSymbolExists.c.o  -o cmTryCompileExec815997458 -rdynamic 
CMakeFiles/cmTryCompileExec815997458.dir/CheckSymbolExists.c.o: 関数 `main' 内:
CheckSymbolExists.c:(.text+0x16): `pthread_create' に対する定義されていない参照です
collect2: error: ld returned 1 exit status
make[2]: *** [cmTryCompileExec815997458] エラー 1
make[2]: ディレクトリ `/home/demulab/tukuba_ws/src/tukuba9.1/wp2action_client/build/CMakeFiles/CMakeTmp' から出ます
make[1]: *** [cmTryCompileExec815997458/fast] エラー 2
make[1]: ディレクトリ `/home/demulab/tukuba_ws/src/tukuba9.1/wp2action_client/build/CMakeFiles/CMakeTmp' から出ます

File /home/demulab/tukuba_ws/src/tukuba9.1/wp2action_client/build/CMakeFiles/CMakeTmp/CheckSymbolExists.c:
/* */
#include <pthread.h>

int main(int argc, char** argv)
{
  (void)argv;
#ifndef pthread_create
  return ((int*)(&pthread_create))[argc];
#else
  (void)argc;
  return 0;
#endif
}

Determining if the function pthread_create exists in the pthreads failed with the following output:
Change Dir: /home/demulab/tukuba_ws/src/tukuba9.1/wp2action_client/build/CMakeFiles/CMakeTmp

Run Build Command:/usr/bin/make "cmTryCompileExec1004678375/fast"
make[1]: ディレクトリ `/home/demulab/tukuba_ws/src/tukuba9.1/wp2action_client/build/CMakeFiles/CMakeTmp' に入ります
/usr/bin/make -f CMakeFiles/cmTryCompileExec1004678375.dir/build.make CMakeFiles/cmTryCompileExec1004678375.dir/build
make[2]: ディレクトリ `/home/demulab/tukuba_ws/src/tukuba9.1/wp2action_client/build/CMakeFiles/CMakeTmp' に入ります
/usr/bin/cmake -E cmake_progress_report /home/demulab/tukuba_ws/src/tukuba9.1/wp2action_client/build/CMakeFiles/CMakeTmp/CMakeFiles 1
Building C object CMakeFiles/cmTryCompileExec1004678375.dir/CheckFunctionExists.c.o
/usr/bin/cc   -DCHECK_FUNCTION_EXISTS=pthread_create   -o CMakeFiles/cmTryCompileExec1004678375.dir/CheckFunctionExists.c.o   -c /usr/share/cmake-2.8/Modules/CheckFunctionExists.c
Linking C executable cmTryCompileExec1004678375
/usr/bin/cmake -E cmake_link_script CMakeFiles/cmTryCompileExec1004678375.dir/link.txt --verbose=1
/usr/bin/cc   -DCHECK_FUNCTION_EXISTS=pthread_create    CMakeFiles/cmTryCompileExec1004678375.dir/CheckFunctionExists.c.o  -o cmTryCompileExec1004678375 -rdynamic -lpthreads 
/usr/bin/ld: -lpthreads が見つかりません
collect2: error: ld returned 1 exit status
make[2]: *** [cmTryCompileExec1004678375] エラー 1
make[2]: ディレクトリ `/home/demulab/tukuba_ws/src/tukuba9.1/wp2action_client/build/CMakeFiles/CMakeTmp' から出ます
make[1]: *** [cmTryCompileExec1004678375/fast] エラー 2
make[1]: ディレクトリ `/home/demulab/tukuba_ws/src/tukuba9.1/wp2action_client/build/CMakeFiles/CMakeTmp' から出ます


