Determining if the pthread_create exist failed with the following output:
Change Dir: /home/demulab/tukuba_ws/src/tukuba9.1/transform_joy2navi/build/CMakeFiles/CMakeTmp

Run Build Command:/usr/bin/make "cmTryCompileExec465449370/fast"
make[1]: ディレクトリ `/home/demulab/tukuba_ws/src/tukuba9.1/transform_joy2navi/build/CMakeFiles/CMakeTmp' に入ります
/usr/bin/make -f CMakeFiles/cmTryCompileExec465449370.dir/build.make CMakeFiles/cmTryCompileExec465449370.dir/build
make[2]: ディレクトリ `/home/demulab/tukuba_ws/src/tukuba9.1/transform_joy2navi/build/CMakeFiles/CMakeTmp' に入ります
/usr/bin/cmake -E cmake_progress_report /home/demulab/tukuba_ws/src/tukuba9.1/transform_joy2navi/build/CMakeFiles/CMakeTmp/CMakeFiles 1
Building C object CMakeFiles/cmTryCompileExec465449370.dir/CheckSymbolExists.c.o
/usr/bin/cc    -o CMakeFiles/cmTryCompileExec465449370.dir/CheckSymbolExists.c.o   -c /home/demulab/tukuba_ws/src/tukuba9.1/transform_joy2navi/build/CMakeFiles/CMakeTmp/CheckSymbolExists.c
Linking C executable cmTryCompileExec465449370
/usr/bin/cmake -E cmake_link_script CMakeFiles/cmTryCompileExec465449370.dir/link.txt --verbose=1
/usr/bin/cc       CMakeFiles/cmTryCompileExec465449370.dir/CheckSymbolExists.c.o  -o cmTryCompileExec465449370 -rdynamic 
CMakeFiles/cmTryCompileExec465449370.dir/CheckSymbolExists.c.o: 関数 `main' 内:
CheckSymbolExists.c:(.text+0x16): `pthread_create' に対する定義されていない参照です
collect2: error: ld returned 1 exit status
make[2]: *** [cmTryCompileExec465449370] エラー 1
make[2]: ディレクトリ `/home/demulab/tukuba_ws/src/tukuba9.1/transform_joy2navi/build/CMakeFiles/CMakeTmp' から出ます
make[1]: *** [cmTryCompileExec465449370/fast] エラー 2
make[1]: ディレクトリ `/home/demulab/tukuba_ws/src/tukuba9.1/transform_joy2navi/build/CMakeFiles/CMakeTmp' から出ます

File /home/demulab/tukuba_ws/src/tukuba9.1/transform_joy2navi/build/CMakeFiles/CMakeTmp/CheckSymbolExists.c:
/* */
#include <pthread.h>

int main(int argc, char** argv)
{
  (void)argv;
#ifndef pthread_create
  return ((int*)(&pthread_create))[argc];
#else
  (void)argc;
  return 0;
#endif
}

Determining if the function pthread_create exists in the pthreads failed with the following output:
Change Dir: /home/demulab/tukuba_ws/src/tukuba9.1/transform_joy2navi/build/CMakeFiles/CMakeTmp

Run Build Command:/usr/bin/make "cmTryCompileExec3079060500/fast"
make[1]: ディレクトリ `/home/demulab/tukuba_ws/src/tukuba9.1/transform_joy2navi/build/CMakeFiles/CMakeTmp' に入ります
/usr/bin/make -f CMakeFiles/cmTryCompileExec3079060500.dir/build.make CMakeFiles/cmTryCompileExec3079060500.dir/build
make[2]: ディレクトリ `/home/demulab/tukuba_ws/src/tukuba9.1/transform_joy2navi/build/CMakeFiles/CMakeTmp' に入ります
/usr/bin/cmake -E cmake_progress_report /home/demulab/tukuba_ws/src/tukuba9.1/transform_joy2navi/build/CMakeFiles/CMakeTmp/CMakeFiles 1
Building C object CMakeFiles/cmTryCompileExec3079060500.dir/CheckFunctionExists.c.o
/usr/bin/cc   -DCHECK_FUNCTION_EXISTS=pthread_create   -o CMakeFiles/cmTryCompileExec3079060500.dir/CheckFunctionExists.c.o   -c /usr/share/cmake-2.8/Modules/CheckFunctionExists.c
Linking C executable cmTryCompileExec3079060500
/usr/bin/cmake -E cmake_link_script CMakeFiles/cmTryCompileExec3079060500.dir/link.txt --verbose=1
/usr/bin/cc   -DCHECK_FUNCTION_EXISTS=pthread_create    CMakeFiles/cmTryCompileExec3079060500.dir/CheckFunctionExists.c.o  -o cmTryCompileExec3079060500 -rdynamic -lpthreads 
/usr/bin/ld: -lpthreads が見つかりません
collect2: error: ld returned 1 exit status
make[2]: *** [cmTryCompileExec3079060500] エラー 1
make[2]: ディレクトリ `/home/demulab/tukuba_ws/src/tukuba9.1/transform_joy2navi/build/CMakeFiles/CMakeTmp' から出ます
make[1]: *** [cmTryCompileExec3079060500/fast] エラー 2
make[1]: ディレクトリ `/home/demulab/tukuba_ws/src/tukuba9.1/transform_joy2navi/build/CMakeFiles/CMakeTmp' から出ます


